{
  "RSpec": {
    "coverage": {
      "/home/ladyb/Documents/Blessing_Documents/workspace/checkpts/eaglesflight_reloaded/app/controllers/bookers_controller.rb": [
        1,
        1,
        0,
        null,
        null,
        1,
        0,
        0,
        0,
        0,
        0,
        0,
        0,
        null,
        0,
        null,
        null,
        0,
        null,
        null,
        null,
        1,
        0,
        0,
        null,
        null,
        null,
        null,
        null,
        null,
        null,
        0,
        null,
        null,
        1,
        1,
        0,
        null,
        1,
        0,
        0,
        0,
        0,
        0,
        0,
        0,
        0,
        null,
        null
      ],
      "/home/ladyb/Documents/Blessing_Documents/workspace/checkpts/eaglesflight_reloaded/app/controllers/bookings_controller.rb": [
        1,
        1,
        1,
        1,
        6,
        3,
        3,
        null,
        3,
        null,
        null,
        null,
        1,
        3,
        3,
        3,
        1,
        1,
        null,
        2,
        2,
        null,
        null,
        0,
        0,
        null,
        null,
        null,
        1,
        1,
        1,
        1,
        null,
        0,
        0,
        null,
        null,
        null,
        1,
        1,
        null,
        null,
        1,
        0,
        0,
        0,
        0,
        null,
        null,
        1,
        0,
        0,
        0,
        0,
        0,
        null,
        0,
        0,
        null,
        null,
        null,
        1,
        3,
        3,
        0,
        null,
        null,
        null
      ],
      "/home/ladyb/Documents/Blessing_Documents/workspace/checkpts/eaglesflight_reloaded/app/controllers/flights_controller.rb": [
        1,
        1,
        27,
        27,
        null,
        1,
        0,
        null,
        null
      ],
      "/home/ladyb/Documents/Blessing_Documents/workspace/checkpts/eaglesflight_reloaded/app/controllers/users_controller.rb": [
        1,
        1,
        1,
        1,
        null,
        null,
        0,
        null,
        null,
        null
      ],
      "/home/ladyb/Documents/Blessing_Documents/workspace/checkpts/eaglesflight_reloaded/app/mailers/user_mailer.rb": [
        1,
        1,
        0,
        0,
        0,
        0,
        null,
        null,
        1,
        0,
        0,
        0,
        0,
        null,
        null
      ],
      "/home/ladyb/Documents/Blessing_Documents/workspace/checkpts/eaglesflight_reloaded/app/mailers/application_mailer.rb": [
        1,
        1,
        1,
        null
      ],
      "/home/ladyb/Documents/Blessing_Documents/workspace/checkpts/eaglesflight_reloaded/app/models/airline.rb": [
        1,
        null,
        1,
        1,
        1,
        null,
        1,
        9,
        null,
        null
      ],
      "/home/ladyb/Documents/Blessing_Documents/workspace/checkpts/eaglesflight_reloaded/app/models/airport.rb": [
        1,
        null,
        1,
        1,
        1,
        1,
        null,
        1,
        54,
        null,
        null,
        1,
        18,
        null,
        null,
        null
      ],
      "/home/ladyb/Documents/Blessing_Documents/workspace/checkpts/eaglesflight_reloaded/app/models/booker.rb": [
        1,
        null,
        1,
        null,
        1,
        0,
        null,
        0,
        0,
        null,
        null,
        1,
        0,
        0,
        0,
        0,
        0,
        0,
        null,
        null,
        1,
        0,
        null,
        1,
        1,
        null,
        null,
        null,
        null,
        0,
        null,
        null
      ],
      "/home/ladyb/Documents/Blessing_Documents/workspace/checkpts/eaglesflight_reloaded/app/models/flight.rb": [
        1,
        1,
        1,
        null,
        1,
        1,
        null,
        1,
        null,
        1,
        27,
        null,
        null,
        1,
        27,
        54,
        null,
        null,
        1,
        27,
        6,
        6,
        6,
        null,
        null,
        null,
        null,
        1,
        1,
        6,
        6,
        6,
        6,
        null,
        null
      ],
      "/home/ladyb/Documents/Blessing_Documents/workspace/checkpts/eaglesflight_reloaded/app/models/identity.rb": [
        1,
        1,
        1,
        null,
        1,
        1,
        1,
        null,
        null
      ],
      "/home/ladyb/Documents/Blessing_Documents/workspace/checkpts/eaglesflight_reloaded/app/models/passenger.rb": [
        1,
        1,
        1,
        1,
        null,
        1,
        1,
        null
      ],
      "/home/ladyb/Documents/Blessing_Documents/workspace/checkpts/eaglesflight_reloaded/app/models/plane.rb": [
        1,
        1,
        1,
        1,
        null,
        1,
        4,
        null,
        null
      ],
      "/home/ladyb/Documents/Blessing_Documents/workspace/checkpts/eaglesflight_reloaded/app/models/user.rb": [
        1,
        1,
        1,
        null,
        4,
        null,
        null,
        1,
        4,
        4,
        4,
        4,
        4,
        4,
        4,
        null,
        null,
        null,
        1,
        1,
        null,
        null
      ],
      "/home/ladyb/Documents/Blessing_Documents/workspace/checkpts/eaglesflight_reloaded/app/controllers/sessions_controller.rb": [
        1,
        1,
        null,
        1,
        4,
        4,
        4,
        4,
        null,
        1,
        2,
        2,
        null,
        1,
        2,
        2,
        2,
        null,
        null
      ]
    },
    "timestamp": 1447072986
  }
}
